[27-Feb-2025 19:28:21 UTC] PHP Warning:  Undefined array key "host" in /var/www/html/wp-includes/pluggable.php on line 1625
[27-Feb-2025 21:04:23 UTC] WordPress database error <div style="clear:both">&nbsp;</div>
<div class="queries" style="clear:both;margin-bottom:2px;border:red dotted thin;">
<p>MySQL query:</p>
<p>ALTER TABLE `wp_e_submissions` ;</p>
<p>Queries made or created this session were:</p>
<ol>
<li>Executing: BEGIN | (no parameters)</li>
<li>Executing: ROLLBACK | (no parameters)</li>
</ol>
</div>
<div style="clear:both;margin-bottom:2px;border:red dotted thin;" class="error_message" style="border-bottom:dotted blue thin;">
Error occurred at line 4164 in Function <code>handle_error</code>. Error message was: Unknown operation: ;.
</div>
<p>Backtrace:</p>
<pre>#0 /var/www/html/wp-content/mu-plugins/sqlite-database-integration/wp-includes/sqlite/class-wp-sqlite-db.php(287): WP_SQLite_Translator->get_error_message()
#1 /var/www/html/wp-content/plugins/elementor-pro/modules/forms/submissions/database/migrations/fix-indexes.php(28): WP_SQLite_DB->query('ALTER TABLE `wp...')
#2 /var/www/html/wp-content/plugins/elementor-pro/modules/forms/submissions/database/migration.php(42): ElementorPro\Modules\Forms\Submissions\Database\Migrations\Fix_Indexes->run()
#3 [internal function]: ElementorPro\Modules\Forms\Submissions\Database\Migration::ElementorPro\Modules\Forms\Submissions\Database\{closure}('ElementorPro\\Mo...', 5)
#4 /var/www/html/wp-content/plugins/elementor/core/utils/collection.php(125): array_map(Object(Closure), Array, Array)
#5 /var/www/html/wp-content/plugins/elementor-pro/modules/forms/submissions/database/migration.php(39): Elementor\Core\Utils\Collection->map(Object(Closure))
#6 /var/www/html/wp-content/plugins/elementor-pro/modules/forms/submissions/component.php(169): ElementorPro\Modules\Forms\Submissions\Database\Migration::install()
#7 /var/www/html/wp-includes/class-wp-hook.php(324): ElementorPro\Modules\Forms\Submissions\Component->ElementorPro\Modules\Forms\Submissions\{closure}('')
#8 /var/www/html/wp-includes/class-wp-hook.php(348): WP_Hook->apply_filters(NULL, Array)
#9 /var/www/html/wp-includes/plugin.php(517): WP_Hook->do_action(Array)
#10 /var/www/html/wp-admin/admin.php(175): do_action('admin_init')
#11 /var/www/html/wp-admin/index.php(10): require_once('/var/www/html/w...')
#12 {main}</pre>
 for query ALTER TABLE `wp_e_submissions` ; made by require_once('wp-admin/admin.php'), do_action('admin_init'), WP_Hook->do_action, WP_Hook->apply_filters, ElementorPro\Modules\Forms\Submissions\Component->ElementorPro\Modules\Forms\Submissions\{closure}, ElementorPro\Modules\Forms\Submissions\Database\Migration::install, Elementor\Core\Utils\Collection->map, array_map, ElementorPro\Modules\Forms\Submissions\Database\Migration::ElementorPro\Modules\Forms\Submissions\Database\{closure}, ElementorPro\Modules\Forms\Submissions\Database\Migrations\Fix_Indexes->run, WP_SQLite_DB->query, WP_SQLite_DB->print_error
[27-Feb-2025 21:04:23 UTC] WordPress database error <div style="clear:both">&nbsp;</div>
<div class="queries" style="clear:both;margin-bottom:2px;border:red dotted thin;">
<p>MySQL query:</p>
<p>ALTER TABLE `wp_e_submissions_values` ;</p>
<p>Queries made or created this session were:</p>
<ol>
<li>Executing: BEGIN | (no parameters)</li>
<li>Executing: ROLLBACK | (no parameters)</li>
</ol>
</div>
<div style="clear:both;margin-bottom:2px;border:red dotted thin;" class="error_message" style="border-bottom:dotted blue thin;">
Error occurred at line 4164 in Function <code>handle_error</code>. Error message was: Unknown operation: ;.
</div>
<p>Backtrace:</p>
<pre>#0 /var/www/html/wp-content/mu-plugins/sqlite-database-integration/wp-includes/sqlite/class-wp-sqlite-db.php(287): WP_SQLite_Translator->get_error_message()
#1 /var/www/html/wp-content/plugins/elementor-pro/modules/forms/submissions/database/migrations/fix-indexes.php(28): WP_SQLite_DB->query('ALTER TABLE `wp...')
#2 /var/www/html/wp-content/plugins/elementor-pro/modules/forms/submissions/database/migration.php(42): ElementorPro\Modules\Forms\Submissions\Database\Migrations\Fix_Indexes->run()
#3 [internal function]: ElementorPro\Modules\Forms\Submissions\Database\Migration::ElementorPro\Modules\Forms\Submissions\Database\{closure}('ElementorPro\\Mo...', 5)
#4 /var/www/html/wp-content/plugins/elementor/core/utils/collection.php(125): array_map(Object(Closure), Array, Array)
#5 /var/www/html/wp-content/plugins/elementor-pro/modules/forms/submissions/database/migration.php(39): Elementor\Core\Utils\Collection->map(Object(Closure))
#6 /var/www/html/wp-content/plugins/elementor-pro/modules/forms/submissions/component.php(169): ElementorPro\Modules\Forms\Submissions\Database\Migration::install()
#7 /var/www/html/wp-includes/class-wp-hook.php(324): ElementorPro\Modules\Forms\Submissions\Component->ElementorPro\Modules\Forms\Submissions\{closure}('')
#8 /var/www/html/wp-includes/class-wp-hook.php(348): WP_Hook->apply_filters(NULL, Array)
#9 /var/www/html/wp-includes/plugin.php(517): WP_Hook->do_action(Array)
#10 /var/www/html/wp-admin/admin.php(175): do_action('admin_init')
#11 /var/www/html/wp-admin/index.php(10): require_once('/var/www/html/w...')
#12 {main}</pre>
 for query ALTER TABLE `wp_e_submissions_values` ; made by require_once('wp-admin/admin.php'), do_action('admin_init'), WP_Hook->do_action, WP_Hook->apply_filters, ElementorPro\Modules\Forms\Submissions\Component->ElementorPro\Modules\Forms\Submissions\{closure}, ElementorPro\Modules\Forms\Submissions\Database\Migration::install, Elementor\Core\Utils\Collection->map, array_map, ElementorPro\Modules\Forms\Submissions\Database\Migration::ElementorPro\Modules\Forms\Submissions\Database\{closure}, ElementorPro\Modules\Forms\Submissions\Database\Migrations\Fix_Indexes->run, WP_SQLite_DB->query, WP_SQLite_DB->print_error
[27-Feb-2025 21:04:23 UTC] WordPress database error <div style="clear:both">&nbsp;</div>
<div class="queries" style="clear:both;margin-bottom:2px;border:red dotted thin;">
<p>MySQL query:</p>
<p>ALTER TABLE `wp_e_submissions_actions_log` ;</p>
<p>Queries made or created this session were:</p>
<ol>
<li>Executing: BEGIN | (no parameters)</li>
<li>Executing: ROLLBACK | (no parameters)</li>
</ol>
</div>
<div style="clear:both;margin-bottom:2px;border:red dotted thin;" class="error_message" style="border-bottom:dotted blue thin;">
Error occurred at line 4164 in Function <code>handle_error</code>. Error message was: Unknown operation: ;.
</div>
<p>Backtrace:</p>
<pre>#0 /var/www/html/wp-content/mu-plugins/sqlite-database-integration/wp-includes/sqlite/class-wp-sqlite-db.php(287): WP_SQLite_Translator->get_error_message()
#1 /var/www/html/wp-content/plugins/elementor-pro/modules/forms/submissions/database/migrations/fix-indexes.php(28): WP_SQLite_DB->query('ALTER TABLE `wp...')
#2 /var/www/html/wp-content/plugins/elementor-pro/modules/forms/submissions/database/migration.php(42): ElementorPro\Modules\Forms\Submissions\Database\Migrations\Fix_Indexes->run()
#3 [internal function]: ElementorPro\Modules\Forms\Submissions\Database\Migration::ElementorPro\Modules\Forms\Submissions\Database\{closure}('ElementorPro\\Mo...', 5)
#4 /var/www/html/wp-content/plugins/elementor/core/utils/collection.php(125): array_map(Object(Closure), Array, Array)
#5 /var/www/html/wp-content/plugins/elementor-pro/modules/forms/submissions/database/migration.php(39): Elementor\Core\Utils\Collection->map(Object(Closure))
#6 /var/www/html/wp-content/plugins/elementor-pro/modules/forms/submissions/component.php(169): ElementorPro\Modules\Forms\Submissions\Database\Migration::install()
#7 /var/www/html/wp-includes/class-wp-hook.php(324): ElementorPro\Modules\Forms\Submissions\Component->ElementorPro\Modules\Forms\Submissions\{closure}('')
#8 /var/www/html/wp-includes/class-wp-hook.php(348): WP_Hook->apply_filters(NULL, Array)
#9 /var/www/html/wp-includes/plugin.php(517): WP_Hook->do_action(Array)
#10 /var/www/html/wp-admin/admin.php(175): do_action('admin_init')
#11 /var/www/html/wp-admin/index.php(10): require_once('/var/www/html/w...')
#12 {main}</pre>
 for query ALTER TABLE `wp_e_submissions_actions_log` ; made by require_once('wp-admin/admin.php'), do_action('admin_init'), WP_Hook->do_action, WP_Hook->apply_filters, ElementorPro\Modules\Forms\Submissions\Component->ElementorPro\Modules\Forms\Submissions\{closure}, ElementorPro\Modules\Forms\Submissions\Database\Migration::install, Elementor\Core\Utils\Collection->map, array_map, ElementorPro\Modules\Forms\Submissions\Database\Migration::ElementorPro\Modules\Forms\Submissions\Database\{closure}, ElementorPro\Modules\Forms\Submissions\Database\Migrations\Fix_Indexes->run, WP_SQLite_DB->query, WP_SQLite_DB->print_error
